<?xml version="1.0" encoding="UTF-8"?>
<!-- Generated by org.testng.reporters.JUnitXMLReporter -->
<testsuite ignored="0" hostname="MACs-Mac-mini.local" failures="0" tests="2" name="Default test" time="25.214" errors="0" timestamp="2024-04-11T18:04:43 IST">
  <testcase classname="com.Ecommerce.qa.TestCases.LoginPageTestCase" name="verifyhomePageTitle" time="1.151"/>
  <testcase classname="com.Ecommerce.qa.TestCases.LoginPageTestCase" name="forgotpassword" time="12.271"/>
</testsuite> <!-- Default test -->
