<?xml version="1.0" encoding="UTF-8"?>
<testng-results ignored="0" total="2" passed="2" failed="0" skipped="0">
  <reporter-output>
  </reporter-output>
  <suite started-at="2024-04-11T18:04:17 IST" name="Default suite" finished-at="2024-04-11T18:04:42 IST" duration-ms="25214">
    <groups>
    </groups>
    <test started-at="2024-04-11T18:04:17 IST" name="Default test" finished-at="2024-04-11T18:04:42 IST" duration-ms="25214">
      <class name="com.Ecommerce.qa.TestCases.LoginPageTestCase">
        <test-method is-config="true" signature="setup()[pri:0, instance:com.Ecommerce.qa.TestCases.LoginPageTestCase@dd0c991]" started-at="2024-04-11T18:04:17 IST" name="setup" finished-at="2024-04-11T18:04:20 IST" duration-ms="3333" status="PASS">
          <reporter-output>
          </reporter-output>
        </test-method> <!-- setup -->
        <test-method signature="verifyhomePageTitle()[pri:1, instance:com.Ecommerce.qa.TestCases.LoginPageTestCase@dd0c991]" started-at="2024-04-11T18:04:20 IST" name="verifyhomePageTitle" finished-at="2024-04-11T18:04:22 IST" duration-ms="1151" status="PASS">
          <reporter-output>
          </reporter-output>
        </test-method> <!-- verifyhomePageTitle -->
        <test-method is-config="true" signature="CloseDriver()[pri:0, instance:com.Ecommerce.qa.TestCases.LoginPageTestCase@dd0c991]" started-at="2024-04-11T18:04:22 IST" name="CloseDriver" finished-at="2024-04-11T18:04:24 IST" duration-ms="2825" status="PASS">
          <reporter-output>
          </reporter-output>
        </test-method> <!-- CloseDriver -->
        <test-method is-config="true" signature="setup()[pri:0, instance:com.Ecommerce.qa.TestCases.LoginPageTestCase@dd0c991]" started-at="2024-04-11T18:04:24 IST" name="setup" finished-at="2024-04-11T18:04:28 IST" duration-ms="3368" status="PASS">
          <reporter-output>
          </reporter-output>
        </test-method> <!-- setup -->
        <test-method signature="forgotpassword()[pri:4, instance:com.Ecommerce.qa.TestCases.LoginPageTestCase@dd0c991]" started-at="2024-04-11T18:04:28 IST" name="forgotpassword" finished-at="2024-04-11T18:04:40 IST" duration-ms="12271" status="PASS">
          <reporter-output>
          </reporter-output>
        </test-method> <!-- forgotpassword -->
        <test-method is-config="true" signature="CloseDriver()[pri:0, instance:com.Ecommerce.qa.TestCases.LoginPageTestCase@dd0c991]" started-at="2024-04-11T18:04:40 IST" name="CloseDriver" finished-at="2024-04-11T18:04:42 IST" duration-ms="2214" status="PASS">
          <reporter-output>
          </reporter-output>
        </test-method> <!-- CloseDriver -->
      </class> <!-- com.Ecommerce.qa.TestCases.LoginPageTestCase -->
    </test> <!-- Default test -->
  </suite> <!-- Default suite -->
</testng-results>
