<?xml version="1.0" encoding="UTF-8"?>
<testng-results ignored="0" total="2" passed="1" failed="1" skipped="0">
  <reporter-output>
  </reporter-output>
  <suite started-at="2024-12-05T10:26:14 IST" name="Default suite" finished-at="2024-12-05T10:26:55 IST" duration-ms="40687">
    <groups>
    </groups>
    <test started-at="2024-12-05T10:26:14 IST" name="Default test" finished-at="2024-12-05T10:26:55 IST" duration-ms="40687">
      <class name="com.ca.qa.TestCases.WishlistWithLoginTestcase">
        <test-method is-config="true" signature="setup()[pri:0, instance:com.ca.qa.TestCases.WishlistWithLoginTestcase@3cc1435c]" started-at="2024-12-05T10:26:14 IST" name="setup" finished-at="2024-12-05T10:26:20 IST" duration-ms="6610" status="PASS">
          <reporter-output>
          </reporter-output>
        </test-method> <!-- setup -->
        <test-method signature="verifyhomePageTitle()[pri:1, instance:com.ca.qa.TestCases.WishlistWithLoginTestcase@3cc1435c]" started-at="2024-12-05T10:26:20 IST" name="verifyhomePageTitle" finished-at="2024-12-05T10:26:21 IST" duration-ms="34" status="PASS">
          <reporter-output>
          </reporter-output>
        </test-method> <!-- verifyhomePageTitle -->
        <test-method is-config="true" signature="closedriver()[pri:0, instance:com.ca.qa.TestCases.WishlistWithLoginTestcase@3cc1435c]" started-at="2024-12-05T10:26:21 IST" name="closedriver" finished-at="2024-12-05T10:26:24 IST" duration-ms="3227" status="PASS">
          <reporter-output>
          </reporter-output>
        </test-method> <!-- closedriver -->
        <test-method is-config="true" signature="setup()[pri:0, instance:com.ca.qa.TestCases.WishlistWithLoginTestcase@3cc1435c]" started-at="2024-12-05T10:26:24 IST" name="setup" finished-at="2024-12-05T10:26:31 IST" duration-ms="7249" status="PASS">
          <reporter-output>
          </reporter-output>
        </test-method> <!-- setup -->
        <test-method signature="OpenWomenCollectionPage()[pri:2, instance:com.ca.qa.TestCases.WishlistWithLoginTestcase@3cc1435c]" started-at="2024-12-05T10:26:31 IST" name="OpenWomenCollectionPage" finished-at="2024-12-05T10:26:51 IST" duration-ms="20078" status="FAIL">
          <exception class="org.openqa.selenium.NoSuchElementException">
            <message>
              <![CDATA[no such element: Unable to locate element: {"method":"xpath","selector":"//*[@id="shopify-section-template--16486951846083__new_home_page_sale_2024_etgCLH"]/section/div/div[2]/div[1]/a"}
  (Session info: chrome=131.0.6778.87)
For documentation on this error, please visit: https://www.seleniumhq.org/exceptions/no_such_element.html
Build info: version: '3.141.59', revision: 'e82be7d358', time: '2018-11-14T08:17:03'
System info: host: 'MACs-Mac-mini.local', ip: 'fe80:0:0:0:cf:3536:7c0f:3999%en0', os.name: 'Mac OS X', os.arch: 'x86_64', os.version: '12.6.5', java.version: '17.0.4.1'
Driver info: org.openqa.selenium.chrome.ChromeDriver
Capabilities {acceptInsecureCerts: false, browserName: chrome, browserVersion: 131.0.6778.87, chrome: {chromedriverVersion: 131.0.6778.85 (3d81e41b6f3a..., userDataDir: /var/folders/4n/j4c7w_4n0gg...}, fedcm:accounts: true, goog:chromeOptions: {debuggerAddress: localhost:53830}, javascriptEnabled: true, networkConnectionEnabled: false, pageLoadStrategy: normal, platform: MAC, platformName: MAC, proxy: Proxy(), setWindowRect: true, strictFileInteractability: false, timeouts: {implicit: 0, pageLoad: 300000, script: 30000}, unhandledPromptBehavior: dismiss and notify, webauthn:extension:credBlob: true, webauthn:extension:largeBlob: true, webauthn:extension:minPinLength: true, webauthn:extension:prf: true, webauthn:virtualAuthenticators: true}
Session ID: 0dbef4558f77ff47211d0ed5d91d1e13
*** Element info: {Using=xpath, value=//*[@id="shopify-section-template--16486951846083__new_home_page_sale_2024_etgCLH"]/section/div/div[2]/div[1]/a}]]>
            </message>
            <full-stacktrace>
              <![CDATA[org.openqa.selenium.NoSuchElementException: no such element: Unable to locate element: {"method":"xpath","selector":"//*[@id="shopify-section-template--16486951846083__new_home_page_sale_2024_etgCLH"]/section/div/div[2]/div[1]/a"}
  (Session info: chrome=131.0.6778.87)
For documentation on this error, please visit: https://www.seleniumhq.org/exceptions/no_such_element.html
Build info: version: '3.141.59', revision: 'e82be7d358', time: '2018-11-14T08:17:03'
System info: host: 'MACs-Mac-mini.local', ip: 'fe80:0:0:0:cf:3536:7c0f:3999%en0', os.name: 'Mac OS X', os.arch: 'x86_64', os.version: '12.6.5', java.version: '17.0.4.1'
Driver info: org.openqa.selenium.chrome.ChromeDriver
Capabilities {acceptInsecureCerts: false, browserName: chrome, browserVersion: 131.0.6778.87, chrome: {chromedriverVersion: 131.0.6778.85 (3d81e41b6f3a..., userDataDir: /var/folders/4n/j4c7w_4n0gg...}, fedcm:accounts: true, goog:chromeOptions: {debuggerAddress: localhost:53830}, javascriptEnabled: true, networkConnectionEnabled: false, pageLoadStrategy: normal, platform: MAC, platformName: MAC, proxy: Proxy(), setWindowRect: true, strictFileInteractability: false, timeouts: {implicit: 0, pageLoad: 300000, script: 30000}, unhandledPromptBehavior: dismiss and notify, webauthn:extension:credBlob: true, webauthn:extension:largeBlob: true, webauthn:extension:minPinLength: true, webauthn:extension:prf: true, webauthn:virtualAuthenticators: true}
Session ID: 0dbef4558f77ff47211d0ed5d91d1e13
*** Element info: {Using=xpath, value=//*[@id="shopify-section-template--16486951846083__new_home_page_sale_2024_etgCLH"]/section/div/div[2]/div[1]/a}
at java.base/jdk.internal.reflect.NativeConstructorAccessorImpl.newInstance0(Native Method)
at java.base/jdk.internal.reflect.NativeConstructorAccessorImpl.newInstance(NativeConstructorAccessorImpl.java:77)
at java.base/jdk.internal.reflect.DelegatingConstructorAccessorImpl.newInstance(DelegatingConstructorAccessorImpl.java:45)
at java.base/java.lang.reflect.Constructor.newInstanceWithCaller(Constructor.java:499)
at java.base/java.lang.reflect.Constructor.newInstance(Constructor.java:480)
at org.openqa.selenium.remote.http.W3CHttpResponseCodec.createException(W3CHttpResponseCodec.java:187)
at org.openqa.selenium.remote.http.W3CHttpResponseCodec.decode(W3CHttpResponseCodec.java:122)
at org.openqa.selenium.remote.http.W3CHttpResponseCodec.decode(W3CHttpResponseCodec.java:49)
at org.openqa.selenium.remote.HttpCommandExecutor.execute(HttpCommandExecutor.java:158)
at org.openqa.selenium.remote.service.DriverCommandExecutor.execute(DriverCommandExecutor.java:83)
at org.openqa.selenium.remote.RemoteWebDriver.execute(RemoteWebDriver.java:552)
at org.openqa.selenium.remote.RemoteWebDriver.findElement(RemoteWebDriver.java:323)
at org.openqa.selenium.remote.RemoteWebDriver.findElementByXPath(RemoteWebDriver.java:428)
at org.openqa.selenium.By$ByXPath.findElement(By.java:353)
at org.openqa.selenium.remote.RemoteWebDriver.findElement(RemoteWebDriver.java:315)
at org.openqa.selenium.support.pagefactory.DefaultElementLocator.findElement(DefaultElementLocator.java:69)
at org.openqa.selenium.support.pagefactory.internal.LocatingElementHandler.invoke(LocatingElementHandler.java:38)
at jdk.proxy2/jdk.proxy2.$Proxy12.click(Unknown Source)
at com.ca.qa.Pages.WishlistWithLogin.ClickOnWonmenButton(WishlistWithLogin.java:45)
at com.ca.qa.TestCases.WishlistWithLoginTestcase.OpenWomenCollectionPage(WishlistWithLoginTestcase.java:39)
at java.base/jdk.internal.reflect.NativeMethodAccessorImpl.invoke0(Native Method)
at java.base/jdk.internal.reflect.NativeMethodAccessorImpl.invoke(NativeMethodAccessorImpl.java:77)
at java.base/jdk.internal.reflect.DelegatingMethodAccessorImpl.invoke(DelegatingMethodAccessorImpl.java:43)
at java.base/java.lang.reflect.Method.invoke(Method.java:568)
at org.testng.internal.MethodInvocationHelper.invokeMethod(MethodInvocationHelper.java:134)
at org.testng.internal.TestInvoker.invokeMethod(TestInvoker.java:597)
at org.testng.internal.TestInvoker.invokeTestMethod(TestInvoker.java:173)
at org.testng.internal.MethodRunner.runInSequence(MethodRunner.java:46)
at org.testng.internal.TestInvoker$MethodInvocationAgent.invoke(TestInvoker.java:816)
at org.testng.internal.TestInvoker.invokeTestMethods(TestInvoker.java:146)
at org.testng.internal.TestMethodWorker.invokeTestMethods(TestMethodWorker.java:146)
at org.testng.internal.TestMethodWorker.run(TestMethodWorker.java:128)
at java.base/java.util.ArrayList.forEach(ArrayList.java:1511)
at org.testng.TestRunner.privateRun(TestRunner.java:766)
at org.testng.TestRunner.run(TestRunner.java:587)
at org.testng.SuiteRunner.runTest(SuiteRunner.java:384)
at org.testng.SuiteRunner.runSequentially(SuiteRunner.java:378)
at org.testng.SuiteRunner.privateRun(SuiteRunner.java:337)
at org.testng.SuiteRunner.run(SuiteRunner.java:286)
at org.testng.SuiteRunnerWorker.runSuite(SuiteRunnerWorker.java:53)
at org.testng.SuiteRunnerWorker.run(SuiteRunnerWorker.java:96)
at org.testng.TestNG.runSuitesSequentially(TestNG.java:1187)
at org.testng.TestNG.runSuitesLocally(TestNG.java:1109)
at org.testng.TestNG.runSuites(TestNG.java:1039)
at org.testng.TestNG.run(TestNG.java:1007)
at org.testng.remote.AbstractRemoteTestNG.run(AbstractRemoteTestNG.java:115)
at org.testng.remote.RemoteTestNG.initAndRun(RemoteTestNG.java:251)
at org.testng.remote.RemoteTestNG.main(RemoteTestNG.java:77)
]]>
            </full-stacktrace>
          </exception> <!-- org.openqa.selenium.NoSuchElementException -->
          <reporter-output>
          </reporter-output>
        </test-method> <!-- OpenWomenCollectionPage -->
        <test-method is-config="true" signature="closedriver()[pri:0, instance:com.ca.qa.TestCases.WishlistWithLoginTestcase@3cc1435c]" started-at="2024-12-05T10:26:51 IST" name="closedriver" finished-at="2024-12-05T10:26:55 IST" duration-ms="3434" status="PASS">
          <reporter-output>
          </reporter-output>
        </test-method> <!-- closedriver -->
      </class> <!-- com.ca.qa.TestCases.WishlistWithLoginTestcase -->
    </test> <!-- Default test -->
  </suite> <!-- Default suite -->
</testng-results>
